Removed Pin From Net: NetName=+5V Pin=RV1-1
Removed Pin From Net: NetName=+5V Pin=RV1-2
Removed Pin From Net: NetName=NetR2_2 Pin=RV1-3
Removed Member From Class: ClassName=Power Member=RV1
Change Component Comment : Designator=J2 Old Comment=AB_Encoder New Comment=L
Change Component Comment : Designator=J3 Old Comment=AB_Encoder New Comment=R
Change Component Designator: OldDesignator=R1 NewDesignator=R8
Change Component Designator: OldDesignator=R8 NewDesignator=R11
Change Component Designator: OldDesignator=R11 NewDesignator=R12
Change Component Designator: OldDesignator=R12 NewDesignator=R13
Change Component Designator: OldDesignator=R13 NewDesignator=R15
Change Component Designator: OldDesignator=R15 NewDesignator=R16
Added Component: Designator=R1(R0603)
Add component (AddParameter): Name = "LatestRevisionDate"; Value = "17-Jul-2002"; VariantName = "[No Variations]"
Add component (AddParameter): Name = "LatestRevisionNote"; Value = "Re-released for DXP Platform."; VariantName = "[No Variations]"
Add component (AddParameter): Name = "PackageDescription"; Value = "Axial Device, Thru-Hole; 2 Leads; 0.3 in Pin Spacing"; VariantName = "[No Variations]"
Add component (AddParameter): Name = "PackageReference"; Value = "AXIAL-0.3"; VariantName = "[No Variations]"
Add component (AddParameter): Name = "Published"; Value = "8-Jun-2000"; VariantName = "[No Variations]"
Add component (AddParameter): Name = "Publisher"; Value = "Altium Limited"; VariantName = "[No Variations]"
Add component (AddParameter): Name = "Value"; Value = "8.2K"; VariantName = "[No Variations]"
Added Pin To Net: NetName=+5V Pin=R1-1
Added Pin To Net: NetName=NetR2_2 Pin=R1-2
Change Net Name : Old Net Name=NetR2_2 New Net Name=NetR1_2
Change Net Name : Old Net Name=NetR15_2 New Net Name=NetR16_2
Added Member To Class: ClassName=Power Member=Component R1 Res
Added Room: Name=Balance_car
Added Room: Name=Power
