Add object: 灾难性故障 (异常来自 HRESULT:0x8000FFFF (E_UNEXPECTED))
Add object: 灾难性故障 (异常来自 HRESULT:0x8000FFFF (E_UNEXPECTED))
Add object: 灾难性故障 (异常来自 HRESULT:0x8000FFFF (E_UNEXPECTED))
Add object: 灾难性故障 (异常来自 HRESULT:0x8000FFFF (E_UNEXPECTED))
Add object: 灾难性故障 (异常来自 HRESULT:0x8000FFFF (E_UNEXPECTED))
Add object: 灾难性故障 (异常来自 HRESULT:0x8000FFFF (E_UNEXPECTED))
Add object: 灾难性故障 (异常来自 HRESULT:0x8000FFFF (E_UNEXPECTED))
Add object: 灾难性故障 (异常来自 HRESULT:0x8000FFFF (E_UNEXPECTED))
Add object: 灾难性故障 (异常来自 HRESULT:0x8000FFFF (E_UNEXPECTED))
Add object: 灾难性故障 (异常来自 HRESULT:0x8000FFFF (E_UNEXPECTED))
Add object: 灾难性故障 (异常来自 HRESULT:0x8000FFFF (E_UNEXPECTED))
Add object: 灾难性故障 (异常来自 HRESULT:0x8000FFFF (E_UNEXPECTED))
Add object: 灾难性故障 (异常来自 HRESULT:0x8000FFFF (E_UNEXPECTED))
Add object: 灾难性故障 (异常来自 HRESULT:0x8000FFFF (E_UNEXPECTED))
Add object: 灾难性故障 (异常来自 HRESULT:0x8000FFFF (E_UNEXPECTED))
Added Net: Name=+5
Added Net: Name=AIN1
Added Net: Name=AIN2
Added Net: Name=BAT_V
Added Net: Name=BIN1
Added Net: Name=BIN2
Added Net: Name=ENCODER_LA
Added Net: Name=ENCODER_LB
Added Net: Name=ENCODER_RA
Added Net: Name=ENCODER_RB
Added Net: Name=GND
Added Net: Name=L+
Added Net: Name=L-
Added Net: Name=MPU6050_SCL
Added Net: Name=MPU6050_SDA
Added Net: Name=OLED_SCL
Added Net: Name=OLED_SDA
Added Net: Name=PWMA
Added Net: Name=PWMB
Added Net: Name=R+
Added Net: Name=R-
Added Net: Name=STBY
Added Net: Name=SYS_V
Added Net: Name=V_BAT
Added Net: Name=VCC
Added Class: Name=Balance_car
Added Class: Name=Power
Added Room: Name=Balance_car
Added Room: Name=Power
