Add Component: Footprint Not Found AB_Encoder
Add Component: Footprint Not Found SSD1306
Add Component: Footprint Not Found AB_Encoder
Add Pin To Net: Unknown Pin: Pin L1-1
Add Pin To Net: Unknown Pin: Pin L1-2
Add Pin To Net: Unknown Pin: Pin L1-3
Add Pin To Net: Unknown Pin: Pin L1-4
Add Pin To Net: Unknown Pin: Pin L1-5
Add Pin To Net: Unknown Pin: Pin L1-6
Add Pin To Net: Unknown Pin: Pin OLED1-1
Add Pin To Net: Unknown Pin: Pin OLED1-2
Add Pin To Net: Unknown Pin: Pin OLED1-3
Add Pin To Net: Unknown Pin: Pin OLED1-4
Add Pin To Net: Unknown Pin: Pin OLED1-5
Add Pin To Net: Unknown Pin: Pin OLED1-6
Add Pin To Net: Unknown Pin: Pin OLED1-8
Add Pin To Net: Unknown Pin: Pin OLED1-9
Add Pin To Net: Unknown Pin: Pin OLED1-10
Add Pin To Net: Unknown Pin: Pin OLED1-11
Add Pin To Net: Unknown Pin: Pin OLED1-12
Add Pin To Net: Unknown Pin: Pin OLED1-13
Add Pin To Net: Unknown Pin: Pin OLED1-14
Add Pin To Net: Unknown Pin: Pin OLED1-15
Add Pin To Net: Unknown Pin: Pin OLED1-16
Add Pin To Net: Unknown Pin: Pin OLED1-17
Add Pin To Net: Unknown Pin: Pin OLED1-18
Add Pin To Net: Unknown Pin: Pin OLED1-19
Add Pin To Net: Unknown Pin: Pin OLED1-20
Add Pin To Net: Unknown Pin: Pin OLED1-21
Add Pin To Net: Unknown Pin: Pin OLED1-22
Add Pin To Net: Unknown Pin: Pin OLED1-23
Add Pin To Net: Unknown Pin: Pin OLED1-24
Add Pin To Net: Unknown Pin: Pin OLED1-25
Add Pin To Net: Unknown Pin: Pin OLED1-26
Add Pin To Net: Unknown Pin: Pin OLED1-27
Add Pin To Net: Unknown Pin: Pin OLED1-28
Add Pin To Net: Unknown Pin: Pin OLED1-29
Add Pin To Net: Unknown Pin: Pin OLED1-30
Add Pin To Net: Unknown Pin: Pin R5-1
Add Pin To Net: Unknown Pin: Pin R5-2
Add Pin To Net: Unknown Pin: Pin R5-3
Add Pin To Net: Unknown Pin: Pin R5-4
Add Pin To Net: Unknown Pin: Pin R5-5
Add Pin To Net: Unknown Pin: Pin R5-6
Add Class Member: Failed to add class member : Component L1 AB_Encoder
Add Class Member: Failed to add class member : Component OLED1 VG-2864KSWEG01
Add Class Member: Failed to add class member : Component R5 AB_Encoder
