Removed Pin From Net: NetName=PWMA Pin=U4-1
Removed Pin From Net: NetName=PWMB Pin=U4-2
Removed Pin From Net: NetName=ENCODER_LA Pin=U4-6
Removed Pin From Net: NetName=ENCODER_LB Pin=U4-7
Removed Pin From Net: NetName=ENCODER_RA Pin=U4-8
Removed Pin From Net: NetName=ENCODER_RB Pin=U4-9
Removed Pin From Net: NetName=BAT_V Pin=U4-25
Removed Pin From Net: NetName=SYS_V Pin=U4-26
Removed Pin From Net: NetName=OLED_SDA Pin=U4-35
Removed Pin From Net: NetName=OLED_SCL Pin=U4-36
Change Component Footprint: Designator=C3 Old Footprint=C0805 New Footprint=C0603
Change Component Footprint: Designator=C4 Old Footprint=C0805 New Footprint=C0603
Change Component Footprint: Designator=C5 Old Footprint=C0805 New Footprint=C0603
Change Component Footprint: Designator=C1 Old Footprint=C0805 New Footprint=C1206
Change Component Footprint: Designator=C2 Old Footprint=C0805 New Footprint=C1206
Added Component: Designator=C17(C0603)
Add component (AddParameter): Name = "LatestRevisionDate"; Value = "17-Jul-2002"; VariantName = "[No Variations]"
Add component (AddParameter): Name = "LatestRevisionNote"; Value = "Re-released for DXP Platform."; VariantName = "[No Variations]"
Add component (AddParameter): Name = "PackageDescription"; Value = "Radial Cap, Thru-Hole; 2 Leads; 0.3 in Pin Spacing"; VariantName = "[No Variations]"
Add component (AddParameter): Name = "PackageReference"; Value = "RAD-0.3"; VariantName = "[No Variations]"
Add component (AddParameter): Name = "Published"; Value = "8-Jun-2000"; VariantName = "[No Variations]"
Add component (AddParameter): Name = "Publisher"; Value = "Altium Limited"; VariantName = "[No Variations]"
Add component (AddParameter): Name = "Value"; Value = "100nF"; VariantName = "[No Variations]"
Added Pin To Net: NetName=GND Pin=C17-1
Added Pin To Net: NetName=3V3 Pin=C17-2
Added Pin To Net: NetName=ENCODER_LA Pin=U4-5
Added Pin To Net: NetName=ENCODER_LB Pin=U4-6
Added Pin To Net: NetName=PWMA Pin=U4-7
Added Pin To Net: NetName=PWMB Pin=U4-10
Added Pin To Net: NetName=3V3 Pin=U4-21
Added Pin To Net: NetName=ENCODER_RA Pin=U4-31
Added Pin To Net: NetName=ENCODER_RB Pin=U4-32
Added Pin To Net: NetName=BAT_V Pin=U4-33
Added Pin To Net: NetName=SYS_V Pin=U4-34
Added Pin To Net: NetName=OLED_SCL Pin=U4-35
Added Pin To Net: NetName=OLED_SDA Pin=U4-36
Change Net Name : Old Net Name=MPU6050_SCL New Net Name=GYRO_SCL
Change Net Name : Old Net Name=MPU6050_SDA New Net Name=GYRO_SDA
Added Member To Class: ClassName=Balance_car Member=Component C17 Cap
Added Room: Name=Balance_car
Added Room: Name=Power
