Add Component: Footprint Not Found SSD1306
Add Component: Footprint Not Found R0603
Add Component: Footprint Not Found R0603
Add Component: Footprint Not Found R0603
Add Component: Footprint Not Found R0603
Add Component: Footprint Not Found R0603
Add Component: Footprint Not Found SOT-223-3
Add Component: Footprint Not Found TB6612FNG
Add Pin To Net: Unknown Pin: Pin C1-1
Add Pin To Net: Unknown Pin: Pin C1-2
Add Pin To Net: Unknown Pin: Pin C2-1
Add Pin To Net: Unknown Pin: Pin C2-2
Add Pin To Net: Unknown Pin: Pin OLED1-1
Add Pin To Net: Unknown Pin: Pin OLED1-2
Add Pin To Net: Unknown Pin: Pin OLED1-3
Add Pin To Net: Unknown Pin: Pin OLED1-4
Add Pin To Net: Unknown Pin: Pin OLED1-5
Add Pin To Net: Unknown Pin: Pin OLED1-6
Add Pin To Net: Unknown Pin: Pin OLED1-8
Add Pin To Net: Unknown Pin: Pin OLED1-9
Add Pin To Net: Unknown Pin: Pin OLED1-10
Add Pin To Net: Unknown Pin: Pin OLED1-11
Add Pin To Net: Unknown Pin: Pin OLED1-12
Add Pin To Net: Unknown Pin: Pin OLED1-13
Add Pin To Net: Unknown Pin: Pin OLED1-14
Add Pin To Net: Unknown Pin: Pin OLED1-15
Add Pin To Net: Unknown Pin: Pin OLED1-16
Add Pin To Net: Unknown Pin: Pin OLED1-17
Add Pin To Net: Unknown Pin: Pin OLED1-18
Add Pin To Net: Unknown Pin: Pin OLED1-19
Add Pin To Net: Unknown Pin: Pin OLED1-20
Add Pin To Net: Unknown Pin: Pin OLED1-21
Add Pin To Net: Unknown Pin: Pin OLED1-22
Add Pin To Net: Unknown Pin: Pin OLED1-23
Add Pin To Net: Unknown Pin: Pin OLED1-24
Add Pin To Net: Unknown Pin: Pin OLED1-25
Add Pin To Net: Unknown Pin: Pin OLED1-26
Add Pin To Net: Unknown Pin: Pin OLED1-27
Add Pin To Net: Unknown Pin: Pin OLED1-28
Add Pin To Net: Unknown Pin: Pin OLED1-29
Add Pin To Net: Unknown Pin: Pin OLED1-30
Add Pin To Net: Unknown Pin: Pin R7-1
Add Pin To Net: Unknown Pin: Pin R7-2
Add Pin To Net: Unknown Pin: Pin R8-1
Add Pin To Net: Unknown Pin: Pin R8-2
Add Pin To Net: Unknown Pin: Pin R11-1
Add Pin To Net: Unknown Pin: Pin R11-2
Add Pin To Net: Unknown Pin: Pin R12-1
Add Pin To Net: Unknown Pin: Pin R12-2
Add Pin To Net: Unknown Pin: Pin R13-1
Add Pin To Net: Unknown Pin: Pin R13-2
Add Pin To Net: Unknown Pin: Pin U1-1
Add Pin To Net: Unknown Pin: Pin U1-2
Add Pin To Net: Unknown Pin: Pin U1-3
Add Pin To Net: Unknown Pin: Pin U1-4
Add Pin To Net: Unknown Pin: Pin U2-1
Add Pin To Net: Unknown Pin: Pin U2-2
Add Pin To Net: Unknown Pin: Pin U2-3
Add Pin To Net: Unknown Pin: Pin U2-4
Add Pin To Net: Unknown Pin: Pin U2-5
Add Pin To Net: Unknown Pin: Pin U2-6
Add Pin To Net: Unknown Pin: Pin U2-7
Add Pin To Net: Unknown Pin: Pin U2-8
Add Pin To Net: Unknown Pin: Pin U2-9
Add Pin To Net: Unknown Pin: Pin U2-10
Add Pin To Net: Unknown Pin: Pin U2-11
Add Pin To Net: Unknown Pin: Pin U2-12
Add Pin To Net: Unknown Pin: Pin U2-13
Add Pin To Net: Unknown Pin: Pin U2-14
Add Pin To Net: Unknown Pin: Pin U2-15
Add Pin To Net: Unknown Pin: Pin U2-16
Add Class Member: Failed to add class member : Component C1 Cap Pol
Add Class Member: Failed to add class member : Component C2 Cap Pol
Add Class Member: Failed to add class member : Component OLED1 VG-2864KSWEG01
Added Member To Class: ClassName=Balance_car Member=Component R2 Res2
Added Member To Class: ClassName=Balance_car Member=Component R3 Res2
Added Member To Class: ClassName=Balance_car Member=Component R5 AB_Encoder
Add Class Member: Failed to add class member : Component R7 Res
Add Class Member: Failed to add class member : Component R8 Res
Add Class Member: Failed to add class member : Component R11 Res
Add Class Member: Failed to add class member : Component R12 Res
Add Class Member: Failed to add class member : Component R13 Res
Add Class Member: Failed to add class member : Component U1 1117
Add Class Member: Failed to add class member : Component U2 TB6612FNG
