Added Component: Designator=*(XT60PW-M)
Added Component: Designator=C1(6-0805_N)
Add component (AddParameter): Name = "LatestRevisionDate"; Value = "17-Jul-2002"; VariantName = "[No Variations]"
Add component (AddParameter): Name = "LatestRevisionNote"; Value = "Re-released for DXP Platform."; VariantName = "[No Variations]"
Add component (AddParameter): Name = "PackageDescription"; Value = "Radial Cap, Thru-Hole; 2 Leads; 0.3 in Pin Spacing"; VariantName = "[No Variations]"
Add component (AddParameter): Name = "PackageReference"; Value = "RAD-0.3"; VariantName = "[No Variations]"
Add component (AddParameter): Name = "Published"; Value = "8-Jun-2000"; VariantName = "[No Variations]"
Add component (AddParameter): Name = "Publisher"; Value = "Altium Limited"; VariantName = "[No Variations]"
Add component (AddParameter): Name = "Value"; Value = "100nF"; VariantName = "[No Variations]"
Added Component: Designator=C2(6-0805_N)
Add component (AddParameter): Name = "LatestRevisionDate"; Value = "17-Jul-2002"; VariantName = "[No Variations]"
Add component (AddParameter): Name = "LatestRevisionNote"; Value = "Re-released for DXP Platform."; VariantName = "[No Variations]"
Add component (AddParameter): Name = "PackageDescription"; Value = "Radial Cap, Thru-Hole; 2 Leads; 0.3 in Pin Spacing"; VariantName = "[No Variations]"
Add component (AddParameter): Name = "PackageReference"; Value = "RAD-0.3"; VariantName = "[No Variations]"
Add component (AddParameter): Name = "Published"; Value = "8-Jun-2000"; VariantName = "[No Variations]"
Add component (AddParameter): Name = "Publisher"; Value = "Altium Limited"; VariantName = "[No Variations]"
Add component (AddParameter): Name = "Value"; Value = "100nF"; VariantName = "[No Variations]"
Added Component: Designator=CPU(STM32F103_mini)
Added Component: Designator=DCDC(Mini360)
Add Component: Footprint Not Found AB_Encoder
Added Component: Designator=Motor_Drive(TB6612FNG)
Added Component: Designator=OLED(OLED)
Added Component: Designator=R1(AXIAL-0.4)
Add component (AddParameter): Name = "LatestRevisionDate"; Value = "17-Jul-2002"; VariantName = "[No Variations]"
Add component (AddParameter): Name = "LatestRevisionNote"; Value = "Re-released for DXP Platform."; VariantName = "[No Variations]"
Add component (AddParameter): Name = "PackageDescription"; Value = "Axial Device, Thru-Hole; 2 Leads; 0.4 in Pin Spacing"; VariantName = "[No Variations]"
Add component (AddParameter): Name = "PackageReference"; Value = "AXIAL-0.4"; VariantName = "[No Variations]"
Add component (AddParameter): Name = "Published"; Value = "8-Jun-2000"; VariantName = "[No Variations]"
Add component (AddParameter): Name = "Publisher"; Value = "Altium Limited"; VariantName = "[No Variations]"
Add component (AddParameter): Name = "Value"; Value = "10K"; VariantName = "[No Variations]"
Added Component: Designator=R2(6-0805_N)
Add component (AddParameter): Name = "LatestRevisionDate"; Value = "17-Jul-2002"; VariantName = "[No Variations]"
Add component (AddParameter): Name = "LatestRevisionNote"; Value = "Re-released for DXP Platform."; VariantName = "[No Variations]"
Add component (AddParameter): Name = "PackageDescription"; Value = "Axial Device, Thru-Hole; 2 Leads; 0.4 in Pin Spacing"; VariantName = "[No Variations]"
Add component (AddParameter): Name = "PackageReference"; Value = "AXIAL-0.4"; VariantName = "[No Variations]"
Add component (AddParameter): Name = "Published"; Value = "8-Jun-2000"; VariantName = "[No Variations]"
Add component (AddParameter): Name = "Publisher"; Value = "Altium Limited"; VariantName = "[No Variations]"
Add component (AddParameter): Name = "Value"; Value = "1K"; VariantName = "[No Variations]"
Added Component: Designator=R3(AXIAL-0.4)
Add component (AddParameter): Name = "LatestRevisionDate"; Value = "17-Jul-2002"; VariantName = "[No Variations]"
Add component (AddParameter): Name = "LatestRevisionNote"; Value = "Re-released for DXP Platform."; VariantName = "[No Variations]"
Add component (AddParameter): Name = "PackageDescription"; Value = "Axial Device, Thru-Hole; 2 Leads; 0.4 in Pin Spacing"; VariantName = "[No Variations]"
Add component (AddParameter): Name = "PackageReference"; Value = "AXIAL-0.4"; VariantName = "[No Variations]"
Add component (AddParameter): Name = "Published"; Value = "8-Jun-2000"; VariantName = "[No Variations]"
Add component (AddParameter): Name = "Publisher"; Value = "Altium Limited"; VariantName = "[No Variations]"
Add component (AddParameter): Name = "Value"; Value = "10K"; VariantName = "[No Variations]"
Added Component: Designator=R4(6-0805_N)
Add component (AddParameter): Name = "LatestRevisionDate"; Value = "17-Jul-2002"; VariantName = "[No Variations]"
Add component (AddParameter): Name = "LatestRevisionNote"; Value = "Re-released for DXP Platform."; VariantName = "[No Variations]"
Add component (AddParameter): Name = "PackageDescription"; Value = "Axial Device, Thru-Hole; 2 Leads; 0.4 in Pin Spacing"; VariantName = "[No Variations]"
Add component (AddParameter): Name = "PackageReference"; Value = "AXIAL-0.4"; VariantName = "[No Variations]"
Add component (AddParameter): Name = "Published"; Value = "8-Jun-2000"; VariantName = "[No Variations]"
Add component (AddParameter): Name = "Publisher"; Value = "Altium Limited"; VariantName = "[No Variations]"
Add component (AddParameter): Name = "Value"; Value = "1K"; VariantName = "[No Variations]"
Add Component: Footprint Not Found AB_Encoder
Added Component: Designator=S1(SW-PB)
Add component (AddParameter): Name = "LatestRevisionDate"; Value = "17-Jul-2002"; VariantName = "[No Variations]"
Add component (AddParameter): Name = "LatestRevisionNote"; Value = "Re-released for DXP Platform."; VariantName = "[No Variations]"
Add component (AddParameter): Name = "PackageDescription"; Value = "Switch; 2 Leads"; VariantName = "[No Variations]"
Add component (AddParameter): Name = "PackageReference"; Value = "SPST-2"; VariantName = "[No Variations]"
Add component (AddParameter): Name = "Published"; Value = "24-Mar-1999"; VariantName = "[No Variations]"
Add component (AddParameter): Name = "Publisher"; Value = "Altium Limited"; VariantName = "[No Variations]"
Added Component: Designator=X,Y,Z(MPU6050)
Added Pin To Net: NetName=V_BAT Pin=*-1
Added Pin To Net: NetName=GND Pin=*-2
Added Pin To Net: NetName=GND Pin=*-3
Added Pin To Net: NetName=GND Pin=*-4
Added Pin To Net: NetName=GND Pin=C1-1
Added Pin To Net: NetName=BAT_V Pin=C1-2
Added Pin To Net: NetName=GND Pin=C2-1
Added Pin To Net: NetName=SYS_V Pin=C2-2
Added Pin To Net: NetName=PWMA Pin=CPU-1
Added Pin To Net: NetName=PWMB Pin=CPU-2
Added Pin To Net: NetName=STBY Pin=CPU-5
Added Pin To Net: NetName=ENCODER_LA Pin=CPU-6
Added Pin To Net: NetName=ENCODER_LB Pin=CPU-7
Added Pin To Net: NetName=ENCODER_RA Pin=CPU-8
Added Pin To Net: NetName=ENCODER_RB Pin=CPU-9
Added Pin To Net: NetName=AIN1 Pin=CPU-11
Added Pin To Net: NetName=AIN2 Pin=CPU-12
Added Pin To Net: NetName=BIN1 Pin=CPU-13
Added Pin To Net: NetName=MPU6050_SCL Pin=CPU-14
Added Pin To Net: NetName=MPU6050_SDA Pin=CPU-15
Added Pin To Net: NetName=BIN2 Pin=CPU-16
Added Pin To Net: NetName=+5 Pin=CPU-18
Added Pin To Net: NetName=GND Pin=CPU-19
Added Pin To Net: NetName=BAT_V Pin=CPU-26
Added Pin To Net: NetName=SYS_V Pin=CPU-27
Added Pin To Net: NetName=OLED_SDA Pin=CPU-35
Added Pin To Net: NetName=OLED_SCL Pin=CPU-36
Added Pin To Net: NetName=GND Pin=CPU-39
Added Pin To Net: NetName=GND Pin=CPU-40
Added Pin To Net: NetName=VCC Pin=DCDC-1
Added Pin To Net: NetName=GND Pin=DCDC-2
Added Pin To Net: NetName=+5 Pin=DCDC-3
Added Pin To Net: NetName=GND Pin=DCDC-4
Add Pin To Net: Unknown Pin: Pin L-1
Add Pin To Net: Unknown Pin: Pin L-2
Add Pin To Net: Unknown Pin: Pin L-3
Add Pin To Net: Unknown Pin: Pin L-4
Add Pin To Net: Unknown Pin: Pin L-5
Add Pin To Net: Unknown Pin: Pin L-6
Added Pin To Net: NetName=VCC Pin=Motor_Drive-1
Added Pin To Net: NetName=+5 Pin=Motor_Drive-2
Added Pin To Net: NetName=GND Pin=Motor_Drive-3
Added Pin To Net: NetName=L+ Pin=Motor_Drive-4
Added Pin To Net: NetName=L- Pin=Motor_Drive-5
Added Pin To Net: NetName=R- Pin=Motor_Drive-6
Added Pin To Net: NetName=R+ Pin=Motor_Drive-7
Added Pin To Net: NetName=GND Pin=Motor_Drive-8
Added Pin To Net: NetName=GND Pin=Motor_Drive-9
Added Pin To Net: NetName=PWMB Pin=Motor_Drive-10
Added Pin To Net: NetName=BIN2 Pin=Motor_Drive-11
Added Pin To Net: NetName=BIN1 Pin=Motor_Drive-12
Added Pin To Net: NetName=STBY Pin=Motor_Drive-13
Added Pin To Net: NetName=AIN1 Pin=Motor_Drive-14
Added Pin To Net: NetName=AIN2 Pin=Motor_Drive-15
Added Pin To Net: NetName=PWMA Pin=Motor_Drive-16
Added Pin To Net: NetName=GND Pin=OLED-1
Added Pin To Net: NetName=+5 Pin=OLED-2
Added Pin To Net: NetName=OLED_SCL Pin=OLED-3
Added Pin To Net: NetName=OLED_SDA Pin=OLED-4
Added Pin To Net: NetName=BAT_V Pin=R1-1
Added Pin To Net: NetName=VCC Pin=R1-2
Added Pin To Net: NetName=BAT_V Pin=R2-1
Added Pin To Net: NetName=GND Pin=R2-2
Added Pin To Net: NetName=SYS_V Pin=R3-1
Added Pin To Net: NetName=+5 Pin=R3-2
Added Pin To Net: NetName=SYS_V Pin=R4-1
Added Pin To Net: NetName=GND Pin=R4-2
Add Pin To Net: Unknown Pin: Pin R-1
Add Pin To Net: Unknown Pin: Pin R-2
Add Pin To Net: Unknown Pin: Pin R-3
Add Pin To Net: Unknown Pin: Pin R-4
Add Pin To Net: Unknown Pin: Pin R-5
Add Pin To Net: Unknown Pin: Pin R-6
Added Pin To Net: NetName=V_BAT Pin=S1-1
Added Pin To Net: NetName=VCC Pin=S1-2
Added Pin To Net: NetName=+5 Pin=X,Y,Z-1
Added Pin To Net: NetName=GND Pin=X,Y,Z-2
Added Pin To Net: NetName=MPU6050_SCL Pin=X,Y,Z-3
Added Pin To Net: NetName=MPU6050_SDA Pin=X,Y,Z-4
Added Member To Class: ClassName=Power Member=Component * XT60PW-M
Added Member To Class: ClassName=Balance_car Member=Component C1 Cap
Added Member To Class: ClassName=Balance_car Member=Component C2 Cap
Added Member To Class: ClassName=Balance_car Member=Component CPU STM32F103_mini
Added Member To Class: ClassName=Power Member=Component DCDC Mini360
Add Class Member: Failed to add class member : Component L AB_Encoder
Added Member To Class: ClassName=Balance_car Member=Component Motor_Drive TB6612FNG
Added Member To Class: ClassName=Balance_car Member=Component OLED OLED_IIC
Added Member To Class: ClassName=Balance_car Member=Component R1 Res2
Added Member To Class: ClassName=Balance_car Member=Component R2 Res2
Added Member To Class: ClassName=Balance_car Member=Component R3 Res2
Added Member To Class: ClassName=Balance_car Member=Component R4 Res2
Add Class Member: Failed to add class member : Component R AB_Encoder
Added Member To Class: ClassName=Power Member=Component S1 SW-PB
Added Member To Class: ClassName=Balance_car Member=Component X,Y,Z MPU6050
