Add object: 灾难性故障 (异常来自 HRESULT:0x8000FFFF (E_UNEXPECTED))
Add object: 灾难性故障 (异常来自 HRESULT:0x8000FFFF (E_UNEXPECTED))
Add object: 灾难性故障 (异常来自 HRESULT:0x8000FFFF (E_UNEXPECTED))
Add object: 灾难性故障 (异常来自 HRESULT:0x8000FFFF (E_UNEXPECTED))
Add object: 灾难性故障 (异常来自 HRESULT:0x8000FFFF (E_UNEXPECTED))
Add object: 灾难性故障 (异常来自 HRESULT:0x8000FFFF (E_UNEXPECTED))
Add object: 灾难性故障 (异常来自 HRESULT:0x8000FFFF (E_UNEXPECTED))
Add object: 灾难性故障 (异常来自 HRESULT:0x8000FFFF (E_UNEXPECTED))
Add object: 灾难性故障 (异常来自 HRESULT:0x8000FFFF (E_UNEXPECTED))
Add object: 灾难性故障 (异常来自 HRESULT:0x8000FFFF (E_UNEXPECTED))
Add object: 灾难性故障 (异常来自 HRESULT:0x8000FFFF (E_UNEXPECTED))
Add object: 灾难性故障 (异常来自 HRESULT:0x8000FFFF (E_UNEXPECTED))
Add object: 灾难性故障 (异常来自 HRESULT:0x8000FFFF (E_UNEXPECTED))
Add object: 灾难性故障 (异常来自 HRESULT:0x8000FFFF (E_UNEXPECTED))
Add object: 灾难性故障 (异常来自 HRESULT:0x8000FFFF (E_UNEXPECTED))
Add Pin To Net: Unknown Pin: Pin *-1
Add Pin To Net: Unknown Pin: Pin *-2
Add Pin To Net: Unknown Pin: Pin *-3
Add Pin To Net: Unknown Pin: Pin *-4
Add Pin To Net: Unknown Pin: Pin C1-1
Add Pin To Net: Unknown Pin: Pin C1-2
Add Pin To Net: Unknown Pin: Pin C2-1
Add Pin To Net: Unknown Pin: Pin C2-2
Add Pin To Net: Unknown Pin: Pin CPU-1
Add Pin To Net: Unknown Pin: Pin CPU-2
Add Pin To Net: Unknown Pin: Pin CPU-5
Add Pin To Net: Unknown Pin: Pin CPU-6
Add Pin To Net: Unknown Pin: Pin CPU-7
Add Pin To Net: Unknown Pin: Pin CPU-8
Add Pin To Net: Unknown Pin: Pin CPU-9
Add Pin To Net: Unknown Pin: Pin CPU-11
Add Pin To Net: Unknown Pin: Pin CPU-12
Add Pin To Net: Unknown Pin: Pin CPU-13
Add Pin To Net: Unknown Pin: Pin CPU-14
Add Pin To Net: Unknown Pin: Pin CPU-15
Add Pin To Net: Unknown Pin: Pin CPU-16
Add Pin To Net: Unknown Pin: Pin CPU-18
Add Pin To Net: Unknown Pin: Pin CPU-19
Add Pin To Net: Unknown Pin: Pin CPU-26
Add Pin To Net: Unknown Pin: Pin CPU-27
Add Pin To Net: Unknown Pin: Pin CPU-35
Add Pin To Net: Unknown Pin: Pin CPU-36
Add Pin To Net: Unknown Pin: Pin CPU-39
Add Pin To Net: Unknown Pin: Pin CPU-40
Add Pin To Net: Unknown Pin: Pin DCDC-1
Add Pin To Net: Unknown Pin: Pin DCDC-2
Add Pin To Net: Unknown Pin: Pin DCDC-3
Add Pin To Net: Unknown Pin: Pin DCDC-4
Add Pin To Net: Unknown Pin: Pin L-1
Add Pin To Net: Unknown Pin: Pin L-2
Add Pin To Net: Unknown Pin: Pin L-3
Add Pin To Net: Unknown Pin: Pin L-4
Add Pin To Net: Unknown Pin: Pin L-5
Add Pin To Net: Unknown Pin: Pin L-6
Add Pin To Net: Unknown Pin: Pin Motor_Drive-1
Add Pin To Net: Unknown Pin: Pin Motor_Drive-2
Add Pin To Net: Unknown Pin: Pin Motor_Drive-3
Add Pin To Net: Unknown Pin: Pin Motor_Drive-4
Add Pin To Net: Unknown Pin: Pin Motor_Drive-5
Add Pin To Net: Unknown Pin: Pin Motor_Drive-6
Add Pin To Net: Unknown Pin: Pin Motor_Drive-7
Add Pin To Net: Unknown Pin: Pin Motor_Drive-8
Add Pin To Net: Unknown Pin: Pin Motor_Drive-9
Add Pin To Net: Unknown Pin: Pin Motor_Drive-10
Add Pin To Net: Unknown Pin: Pin Motor_Drive-11
Add Pin To Net: Unknown Pin: Pin Motor_Drive-12
Add Pin To Net: Unknown Pin: Pin Motor_Drive-13
Add Pin To Net: Unknown Pin: Pin Motor_Drive-14
Add Pin To Net: Unknown Pin: Pin Motor_Drive-15
Add Pin To Net: Unknown Pin: Pin Motor_Drive-16
Add Pin To Net: Unknown Pin: Pin OLED-1
Add Pin To Net: Unknown Pin: Pin OLED-2
Add Pin To Net: Unknown Pin: Pin OLED-3
Add Pin To Net: Unknown Pin: Pin OLED-4
Add Pin To Net: Unknown Pin: Pin R1-1
Add Pin To Net: Unknown Pin: Pin R1-2
Add Pin To Net: Unknown Pin: Pin R2-1
Add Pin To Net: Unknown Pin: Pin R2-2
Add Pin To Net: Unknown Pin: Pin R3-1
Add Pin To Net: Unknown Pin: Pin R3-2
Add Pin To Net: Unknown Pin: Pin R4-1
Add Pin To Net: Unknown Pin: Pin R4-2
Add Pin To Net: Unknown Pin: Pin R-1
Add Pin To Net: Unknown Pin: Pin R-2
Add Pin To Net: Unknown Pin: Pin R-3
Add Pin To Net: Unknown Pin: Pin R-4
Add Pin To Net: Unknown Pin: Pin R-5
Add Pin To Net: Unknown Pin: Pin R-6
Add Pin To Net: Unknown Pin: Pin S1-1
Add Pin To Net: Unknown Pin: Pin S1-2
Add Pin To Net: Unknown Pin: Pin X,Y,Z-1
Add Pin To Net: Unknown Pin: Pin X,Y,Z-2
Add Pin To Net: Unknown Pin: Pin X,Y,Z-3
Add Pin To Net: Unknown Pin: Pin X,Y,Z-4
Change Class Name : Old Net Name=Designator New Net Name=Balance_car
Added Class: Name=Power
Add Class Member: Failed to add class member : Component C1 Cap
Add Class Member: Failed to add class member : Component C2 Cap
Add Class Member: Failed to add class member : Component CPU STM32F103_mini
Add Class Member: Failed to add class member : Component L AB_Encoder
Add Class Member: Failed to add class member : Component Motor_Drive TB6612FNG
Add Class Member: Failed to add class member : Component OLED OLED_IIC
Add Class Member: Failed to add class member : Component R1 Res2
Add Class Member: Failed to add class member : Component R2 Res2
Add Class Member: Failed to add class member : Component R3 Res2
Add Class Member: Failed to add class member : Component R4 Res2
Add Class Member: Failed to add class member : Component R AB_Encoder
Add Class Member: Failed to add class member : Component X,Y,Z MPU6050
Added Room: Name=Balance_car
Added Room: Name=Power
