Removed Pin From Net: NetName=VCC Pin=DCDC-1
Removed Pin From Net: NetName=GND Pin=DCDC-2
Removed Pin From Net: NetName=+5 Pin=DCDC-3
Removed Pin From Net: NetName=GND Pin=DCDC-4
Removed Pin From Net: NetName=V_BAT Pin=S1-1
Removed Pin From Net: NetName=VCC Pin=S1-2
Removed Member From Class: ClassName=Power Member=DCDC
Removed Member From Class: ClassName=Power Member=S1
Added Component: Designator=DCDC?(Mini360)
Added Component: Designator=S?(SW-PB)
Add component (AddParameter): Name = "LatestRevisionDate"; Value = "17-Jul-2002"; VariantName = "[No Variations]"
Add component (AddParameter): Name = "LatestRevisionNote"; Value = "Re-released for DXP Platform."; VariantName = "[No Variations]"
Add component (AddParameter): Name = "PackageDescription"; Value = "Switch; 2 Leads"; VariantName = "[No Variations]"
Add component (AddParameter): Name = "PackageReference"; Value = "SPST-2"; VariantName = "[No Variations]"
Add component (AddParameter): Name = "Published"; Value = "24-Mar-1999"; VariantName = "[No Variations]"
Add component (AddParameter): Name = "Publisher"; Value = "Altium Limited"; VariantName = "[No Variations]"
Added Pin To Net: NetName=VCC Pin=DCDC?-1
Added Pin To Net: NetName=GND Pin=DCDC?-2
Added Pin To Net: NetName=+5 Pin=DCDC?-3
Added Pin To Net: NetName=GND Pin=DCDC?-4
Added Pin To Net: NetName=V_BAT Pin=S?-1
Added Pin To Net: NetName=VCC Pin=S?-2
Added Member To Class: ClassName=Power Member=Component DCDC? Mini360
Added Member To Class: ClassName=Power Member=Component S? SW-PB
