Removed Pin From Net: NetName=GND Pin=C3-1
Removed Pin From Net: NetName=BAT_V Pin=C3-2
Removed Pin From Net: NetName=GND Pin=C4-1
Removed Pin From Net: NetName=SYS_V Pin=C4-2
Change Component Footprint: Designator=C3 Old Footprint=6-0805_N New Footprint=C0603
Change Component Footprint: Designator=C4 Old Footprint=6-0805_N New Footprint=C0603
Change Footprint: Footprint Not Found R0603
Change Footprint: Footprint Not Found R0603
Change Footprint: Footprint Not Found R0603
Change Footprint: Footprint Not Found R0603
Change Component Comment : Designator=R1 Old Comment=Res2 New Comment=Res
Change Component Comment : Designator=R2 Old Comment=Res2 New Comment=Res
Change Component Comment : Designator=R3 Old Comment=Res2 New Comment=Res
Change Component Comment : Designator=R4 Old Comment=Res2 New Comment=Res
Change component parameters: Designator = "C9" ("C9"); Footprint = "C0603"; UniqueID = "\BIAPFHRT" ("\BIAPFHRT")
Change component parameters (AddParameter): Name = "LatestRevisionDate"; Value = "17-Jul-2002"; VariantName = "[No Variations]"
Change component parameters (AddParameter): Name = "LatestRevisionNote"; Value = "Re-released for DXP Platform."; VariantName = "[No Variations]"
Change component parameters (AddParameter): Name = "PackageDescription"; Value = "Radial Cap, Thru-Hole; 2 Leads; 0.3 in Pin Spacing"; VariantName = "[No Variations]"
Change component parameters (AddParameter): Name = "PackageReference"; Value = "RAD-0.3"; VariantName = "[No Variations]"
Change component parameters (AddParameter): Name = "Published"; Value = "8-Jun-2000"; VariantName = "[No Variations]"
Change component parameters (AddParameter): Name = "Publisher"; Value = "Altium Limited"; VariantName = "[No Variations]"
Change component parameters (AddParameter): Name = "Value"; Value = "10uF"; VariantName = "[No Variations]"
Change component parameters: Designator = "R1" ("R1"); Footprint = "6-0805_N"; UniqueID = "\JNGRGPVN" ("\JNGRGPVN")
Change component parameters (AddParameter): Name = "LatestRevisionDate"; Value = "17-Jul-2002"; VariantName = "[No Variations]"
Change component parameters (AddParameter): Name = "LatestRevisionNote"; Value = "Re-released for DXP Platform."; VariantName = "[No Variations]"
Change component parameters (AddParameter): Name = "PackageDescription"; Value = "Axial Device, Thru-Hole; 2 Leads; 0.3 in Pin Spacing"; VariantName = "[No Variations]"
Change component parameters (AddParameter): Name = "PackageReference"; Value = "AXIAL-0.3"; VariantName = "[No Variations]"
Change component parameters (AddParameter): Name = "Published"; Value = "8-Jun-2000"; VariantName = "[No Variations]"
Change component parameters (AddParameter): Name = "Publisher"; Value = "Altium Limited"; VariantName = "[No Variations]"
Change component parameters (AddParameter): Name = "Value"; Value = "10K"; VariantName = "[No Variations]"
Change component parameters: Designator = "R2" ("R2"); Footprint = "6-0805_N"; UniqueID = "\YBQXHXXN" ("\YBQXHXXN")
Change component parameters (AddParameter): Name = "LatestRevisionDate"; Value = "17-Jul-2002"; VariantName = "[No Variations]"
Change component parameters (AddParameter): Name = "LatestRevisionNote"; Value = "Re-released for DXP Platform."; VariantName = "[No Variations]"
Change component parameters (AddParameter): Name = "PackageDescription"; Value = "Axial Device, Thru-Hole; 2 Leads; 0.3 in Pin Spacing"; VariantName = "[No Variations]"
Change component parameters (AddParameter): Name = "PackageReference"; Value = "AXIAL-0.3"; VariantName = "[No Variations]"
Change component parameters (AddParameter): Name = "Published"; Value = "8-Jun-2000"; VariantName = "[No Variations]"
Change component parameters (AddParameter): Name = "Publisher"; Value = "Altium Limited"; VariantName = "[No Variations]"
Change component parameters (AddParameter): Name = "Value"; Value = "10K"; VariantName = "[No Variations]"
Change component parameters: Designator = "R3" ("R3"); Footprint = "6-0805_N"; UniqueID = "\OXZSCSMN" ("\OXZSCSMN")
Change component parameters (AddParameter): Name = "LatestRevisionDate"; Value = "17-Jul-2002"; VariantName = "[No Variations]"
Change component parameters (AddParameter): Name = "LatestRevisionNote"; Value = "Re-released for DXP Platform."; VariantName = "[No Variations]"
Change component parameters (AddParameter): Name = "PackageDescription"; Value = "Axial Device, Thru-Hole; 2 Leads; 0.3 in Pin Spacing"; VariantName = "[No Variations]"
Change component parameters (AddParameter): Name = "PackageReference"; Value = "AXIAL-0.3"; VariantName = "[No Variations]"
Change component parameters (AddParameter): Name = "Published"; Value = "8-Jun-2000"; VariantName = "[No Variations]"
Change component parameters (AddParameter): Name = "Publisher"; Value = "Altium Limited"; VariantName = "[No Variations]"
Change component parameters (AddParameter): Name = "Value"; Value = "1K"; VariantName = "[No Variations]"
Change component parameters: Designator = "R4" ("R4"); Footprint = "6-0805_N"; UniqueID = "\MZWECUEY" ("\MZWECUEY")
Change component parameters (AddParameter): Name = "LatestRevisionDate"; Value = "17-Jul-2002"; VariantName = "[No Variations]"
Change component parameters (AddParameter): Name = "LatestRevisionNote"; Value = "Re-released for DXP Platform."; VariantName = "[No Variations]"
Change component parameters (AddParameter): Name = "PackageDescription"; Value = "Axial Device, Thru-Hole; 2 Leads; 0.3 in Pin Spacing"; VariantName = "[No Variations]"
Change component parameters (AddParameter): Name = "PackageReference"; Value = "AXIAL-0.3"; VariantName = "[No Variations]"
Change component parameters (AddParameter): Name = "Published"; Value = "8-Jun-2000"; VariantName = "[No Variations]"
Change component parameters (AddParameter): Name = "Publisher"; Value = "Altium Limited"; VariantName = "[No Variations]"
Change component parameters (AddParameter): Name = "Value"; Value = "1K"; VariantName = "[No Variations]"
Added Component: Designator=C1(CAP-SMD_BD4.0-L4.3-W4.3-FD-LS5.3)
Add component (AddParameter): Name = "LatestRevisionDate"; Value = "17-Jul-2002"; VariantName = "[No Variations]"
Add component (AddParameter): Name = "LatestRevisionNote"; Value = "Re-released for DXP Platform."; VariantName = "[No Variations]"
Add component (AddParameter): Name = "PackageDescription"; Value = "Polarized Capacitor; 2 Leads"; VariantName = "[No Variations]"
Add component (AddParameter): Name = "PackageReference"; Value = "POLAR0.8"; VariantName = "[No Variations]"
Add component (AddParameter): Name = "Published"; Value = "8-Jun-2000"; VariantName = "[No Variations]"
Add component (AddParameter): Name = "Publisher"; Value = "Altium Limited"; VariantName = "[No Variations]"
Add component (AddParameter): Name = "Value"; Value = "100uF"; VariantName = "[No Variations]"
Added Component: Designator=C2(CAP-SMD_BD4.0-L4.3-W4.3-FD-LS5.3)
Add component (AddParameter): Name = "LatestRevisionDate"; Value = "17-Jul-2002"; VariantName = "[No Variations]"
Add component (AddParameter): Name = "LatestRevisionNote"; Value = "Re-released for DXP Platform."; VariantName = "[No Variations]"
Add component (AddParameter): Name = "PackageDescription"; Value = "Polarized Capacitor; 2 Leads"; VariantName = "[No Variations]"
Add component (AddParameter): Name = "PackageReference"; Value = "POLAR0.8"; VariantName = "[No Variations]"
Add component (AddParameter): Name = "Published"; Value = "8-Jun-2000"; VariantName = "[No Variations]"
Add component (AddParameter): Name = "Publisher"; Value = "Altium Limited"; VariantName = "[No Variations]"
Add component (AddParameter): Name = "Value"; Value = "10uF"; VariantName = "[No Variations]"
Add Component: Footprint Not Found SSD1306
Add Component: Footprint Not Found R0603
Add Component: Footprint Not Found R0603
Add Component: Footprint Not Found R0603
Add Component: Footprint Not Found R0603
Add Component: Footprint Not Found R0603
Add Component: Footprint Not Found SOT-223-3
Add Component: Footprint Not Found TB6612FNG
Added Pin To Net: NetName=+5 Pin=C1-1
Added Pin To Net: NetName=GND Pin=C1-2
Added Pin To Net: NetName=3V3 Pin=C2-1
Added Pin To Net: NetName=GND Pin=C2-2
Added Pin To Net: NetName=BAT_V Pin=C3-1
Added Pin To Net: NetName=GND Pin=C3-2
Added Pin To Net: NetName=SYS_V Pin=C4-1
Added Pin To Net: NetName=GND Pin=C4-2
Add Pin To Net: Unknown Pin: Pin OLED1-1
Add Pin To Net: Unknown Pin: Pin OLED1-2
Add Pin To Net: Unknown Pin: Pin OLED1-3
Add Pin To Net: Unknown Pin: Pin OLED1-4
Add Pin To Net: Unknown Pin: Pin OLED1-5
Add Pin To Net: Unknown Pin: Pin OLED1-6
Add Pin To Net: Unknown Pin: Pin OLED1-8
Add Pin To Net: Unknown Pin: Pin OLED1-9
Add Pin To Net: Unknown Pin: Pin OLED1-10
Add Pin To Net: Unknown Pin: Pin OLED1-11
Add Pin To Net: Unknown Pin: Pin OLED1-12
Add Pin To Net: Unknown Pin: Pin OLED1-13
Add Pin To Net: Unknown Pin: Pin OLED1-14
Add Pin To Net: Unknown Pin: Pin OLED1-15
Add Pin To Net: Unknown Pin: Pin OLED1-16
Add Pin To Net: Unknown Pin: Pin OLED1-17
Add Pin To Net: Unknown Pin: Pin OLED1-18
Add Pin To Net: Unknown Pin: Pin OLED1-19
Add Pin To Net: Unknown Pin: Pin OLED1-20
Add Pin To Net: Unknown Pin: Pin OLED1-21
Add Pin To Net: Unknown Pin: Pin OLED1-22
Add Pin To Net: Unknown Pin: Pin OLED1-23
Add Pin To Net: Unknown Pin: Pin OLED1-24
Add Pin To Net: Unknown Pin: Pin OLED1-25
Add Pin To Net: Unknown Pin: Pin OLED1-26
Add Pin To Net: Unknown Pin: Pin OLED1-27
Add Pin To Net: Unknown Pin: Pin OLED1-28
Add Pin To Net: Unknown Pin: Pin OLED1-29
Add Pin To Net: Unknown Pin: Pin OLED1-30
Add Pin To Net: Unknown Pin: Pin R7-1
Add Pin To Net: Unknown Pin: Pin R7-2
Add Pin To Net: Unknown Pin: Pin R8-1
Add Pin To Net: Unknown Pin: Pin R8-2
Added Pin To Net: NetName=MPU6050_SCL Pin=R9-1
Added Pin To Net: NetName=+5V Pin=R9-2
Added Pin To Net: NetName=MPU6050_SDA Pin=R10-1
Added Pin To Net: NetName=+5V Pin=R10-2
Add Pin To Net: Unknown Pin: Pin R11-1
Add Pin To Net: Unknown Pin: Pin R11-2
Add Pin To Net: Unknown Pin: Pin R12-1
Add Pin To Net: Unknown Pin: Pin R12-2
Add Pin To Net: Unknown Pin: Pin R13-1
Add Pin To Net: Unknown Pin: Pin R13-2
Add Pin To Net: Unknown Pin: Pin U1-1
Add Pin To Net: Unknown Pin: Pin U1-2
Add Pin To Net: Unknown Pin: Pin U1-3
Add Pin To Net: Unknown Pin: Pin U1-4
Add Pin To Net: Unknown Pin: Pin U2-1
Add Pin To Net: Unknown Pin: Pin U2-2
Add Pin To Net: Unknown Pin: Pin U2-3
Add Pin To Net: Unknown Pin: Pin U2-4
Add Pin To Net: Unknown Pin: Pin U2-5
Add Pin To Net: Unknown Pin: Pin U2-6
Add Pin To Net: Unknown Pin: Pin U2-7
Add Pin To Net: Unknown Pin: Pin U2-8
Add Pin To Net: Unknown Pin: Pin U2-9
Add Pin To Net: Unknown Pin: Pin U2-10
Add Pin To Net: Unknown Pin: Pin U2-11
Add Pin To Net: Unknown Pin: Pin U2-12
Add Pin To Net: Unknown Pin: Pin U2-13
Add Pin To Net: Unknown Pin: Pin U2-14
Add Pin To Net: Unknown Pin: Pin U2-15
Add Pin To Net: Unknown Pin: Pin U2-16
Added Member To Class: ClassName=Power Member=Component C1 Cap Pol
Added Member To Class: ClassName=Power Member=Component C2 Cap Pol
Add Class Member: Failed to add class member : Component OLED1 VG-2864KSWEG01
Add Class Member: Failed to add class member : Component R7 Res
Add Class Member: Failed to add class member : Component R8 Res
Add Class Member: Failed to add class member : Component R11 Res
Add Class Member: Failed to add class member : Component R12 Res
Add Class Member: Failed to add class member : Component R13 Res
Add Class Member: Failed to add class member : Component U1 1117
Add Class Member: Failed to add class member : Component U2 TB6612FNG
