Change Component Footprint: Designator=R1 Old Footprint=6-0805_N New Footprint=R0603
Change Component Footprint: Designator=R2 Old Footprint=6-0805_N New Footprint=R0603
Change Component Footprint: Designator=R3 Old Footprint=6-0805_N New Footprint=R0603
Change Component Footprint: Designator=R4 Old Footprint=6-0805_N New Footprint=R0603
Added Component: Designator=OLED1(SSD1306)
Add component (AddParameter): Name = "Add into BOM"; Value = "yes"; VariantName = "[No Variations]"
Add component (AddParameter): Name = "Convert to PCB"; Value = "yes"; VariantName = "[No Variations]"
Add component (AddParameter): Name = "Datasheet"; Value = "https://atta.szlcsc.com/upload/public/pdf/source/20190118/C194313_EB7CEF44C1C1CB8B071218A368D72B17.pdf"; VariantName = "[No Variations]"
Add component (AddParameter): Name = "Device"; Value = "VG-2864KSWEG01"; VariantName = "[No Variations]"
Add component (AddParameter): Name = "JLCPCB Part Class"; Value = "Extended Part"; VariantName = "[No Variations]"
Add component (AddParameter): Name = "LCSC Part Name"; Value = "0.96¡±128x64°×É« VG-2864KSWEG01"; VariantName = "[No Variations]"
Add component (AddParameter): Name = "Main Control Chip"; Value = "SSD1306"; VariantName = "[No Variations]"
Add component (AddParameter): Name = "Manufacturer"; Value = "WiseChip(ÖÇ¾§¹âµç)"; VariantName = "[No Variations]"
Add component (AddParameter): Name = "Manufacturer Part"; Value = "VG-2864KSWEG01"; VariantName = "[No Variations]"
Add component (AddParameter): Name = "Name"; Value = "VG-2864KSWEG01"; VariantName = "[No Variations]"
Add component (AddParameter): Name = "Size"; Value = "0.96"; VariantName = "[No Variations]"
Add component (AddParameter): Name = "Supplier"; Value = "LCSC"; VariantName = "[No Variations]"
Add component (AddParameter): Name = "Supplier Footprint"; Value = "-"; VariantName = "[No Variations]"
Add component (AddParameter): Name = "Supplier Part"; Value = "C194313"; VariantName = "[No Variations]"
Add component (AddParameter): Name = "Symbol"; Value = "VG-2864KSWEG01"; VariantName = "[No Variations]"
Added Component: Designator=R7(R0603)
Add component (AddParameter): Name = "LatestRevisionDate"; Value = "17-Jul-2002"; VariantName = "[No Variations]"
Add component (AddParameter): Name = "LatestRevisionNote"; Value = "Re-released for DXP Platform."; VariantName = "[No Variations]"
Add component (AddParameter): Name = "PackageDescription"; Value = "Axial Device, Thru-Hole; 2 Leads; 0.3 in Pin Spacing"; VariantName = "[No Variations]"
Add component (AddParameter): Name = "PackageReference"; Value = "AXIAL-0.3"; VariantName = "[No Variations]"
Add component (AddParameter): Name = "Published"; Value = "8-Jun-2000"; VariantName = "[No Variations]"
Add component (AddParameter): Name = "Publisher"; Value = "Altium Limited"; VariantName = "[No Variations]"
Add component (AddParameter): Name = "Value"; Value = "4.7K"; VariantName = "[No Variations]"
Added Component: Designator=R8(R0603)
Add component (AddParameter): Name = "LatestRevisionDate"; Value = "17-Jul-2002"; VariantName = "[No Variations]"
Add component (AddParameter): Name = "LatestRevisionNote"; Value = "Re-released for DXP Platform."; VariantName = "[No Variations]"
Add component (AddParameter): Name = "PackageDescription"; Value = "Axial Device, Thru-Hole; 2 Leads; 0.3 in Pin Spacing"; VariantName = "[No Variations]"
Add component (AddParameter): Name = "PackageReference"; Value = "AXIAL-0.3"; VariantName = "[No Variations]"
Add component (AddParameter): Name = "Published"; Value = "8-Jun-2000"; VariantName = "[No Variations]"
Add component (AddParameter): Name = "Publisher"; Value = "Altium Limited"; VariantName = "[No Variations]"
Add component (AddParameter): Name = "Value"; Value = "4.7K"; VariantName = "[No Variations]"
Added Component: Designator=R11(R0603)
Add component (AddParameter): Name = "LatestRevisionDate"; Value = "17-Jul-2002"; VariantName = "[No Variations]"
Add component (AddParameter): Name = "LatestRevisionNote"; Value = "Re-released for DXP Platform."; VariantName = "[No Variations]"
Add component (AddParameter): Name = "PackageDescription"; Value = "Axial Device, Thru-Hole; 2 Leads; 0.3 in Pin Spacing"; VariantName = "[No Variations]"
Add component (AddParameter): Name = "PackageReference"; Value = "AXIAL-0.3"; VariantName = "[No Variations]"
Add component (AddParameter): Name = "Published"; Value = "8-Jun-2000"; VariantName = "[No Variations]"
Add component (AddParameter): Name = "Publisher"; Value = "Altium Limited"; VariantName = "[No Variations]"
Add component (AddParameter): Name = "Value"; Value = "4.7K"; VariantName = "[No Variations]"
Added Component: Designator=R12(R0603)
Add component (AddParameter): Name = "LatestRevisionDate"; Value = "17-Jul-2002"; VariantName = "[No Variations]"
Add component (AddParameter): Name = "LatestRevisionNote"; Value = "Re-released for DXP Platform."; VariantName = "[No Variations]"
Add component (AddParameter): Name = "PackageDescription"; Value = "Axial Device, Thru-Hole; 2 Leads; 0.3 in Pin Spacing"; VariantName = "[No Variations]"
Add component (AddParameter): Name = "PackageReference"; Value = "AXIAL-0.3"; VariantName = "[No Variations]"
Add component (AddParameter): Name = "Published"; Value = "8-Jun-2000"; VariantName = "[No Variations]"
Add component (AddParameter): Name = "Publisher"; Value = "Altium Limited"; VariantName = "[No Variations]"
Add component (AddParameter): Name = "Value"; Value = "4.7K"; VariantName = "[No Variations]"
Added Component: Designator=R13(R0603)
Add component (AddParameter): Name = "LatestRevisionDate"; Value = "17-Jul-2002"; VariantName = "[No Variations]"
Add component (AddParameter): Name = "LatestRevisionNote"; Value = "Re-released for DXP Platform."; VariantName = "[No Variations]"
Add component (AddParameter): Name = "PackageDescription"; Value = "Axial Device, Thru-Hole; 2 Leads; 0.3 in Pin Spacing"; VariantName = "[No Variations]"
Add component (AddParameter): Name = "PackageReference"; Value = "AXIAL-0.3"; VariantName = "[No Variations]"
Add component (AddParameter): Name = "Published"; Value = "8-Jun-2000"; VariantName = "[No Variations]"
Add component (AddParameter): Name = "Publisher"; Value = "Altium Limited"; VariantName = "[No Variations]"
Add component (AddParameter): Name = "Value"; Value = "910K"; VariantName = "[No Variations]"
Added Component: Designator=U1(SOT-223-3)
Added Component: Designator=U2(TB6612FNG)
Added Pin To Net: NetName=GND Pin=OLED1-1
Added Pin To Net: NetName=NetC5_1 Pin=OLED1-2
Added Pin To Net: NetName=NetC5_2 Pin=OLED1-3
Added Pin To Net: NetName=NetC6_1 Pin=OLED1-4
Added Pin To Net: NetName=NetC6_2 Pin=OLED1-5
Added Pin To Net: NetName=3V3 Pin=OLED1-6
Added Pin To Net: NetName=GND Pin=OLED1-8
Added Pin To Net: NetName=3V3 Pin=OLED1-9
Added Pin To Net: NetName=GND Pin=OLED1-10
Added Pin To Net: NetName=3V3 Pin=OLED1-11
Added Pin To Net: NetName=GND Pin=OLED1-12
Added Pin To Net: NetName=GND Pin=OLED1-13
Added Pin To Net: NetName=NetC9_1 Pin=OLED1-14
Added Pin To Net: NetName=NetOLED1_15 Pin=OLED1-15
Added Pin To Net: NetName=GND Pin=OLED1-16
Added Pin To Net: NetName=GND Pin=OLED1-17
Added Pin To Net: NetName=OLED_SCL Pin=OLED1-18
Added Pin To Net: NetName=OLED_SDA Pin=OLED1-19
Added Pin To Net: NetName=OLED_SDA Pin=OLED1-20
Added Pin To Net: NetName=GND Pin=OLED1-21
Added Pin To Net: NetName=GND Pin=OLED1-22
Added Pin To Net: NetName=GND Pin=OLED1-23
Added Pin To Net: NetName=GND Pin=OLED1-24
Added Pin To Net: NetName=GND Pin=OLED1-25
Added Pin To Net: NetName=NetOLED1_26 Pin=OLED1-26
Added Pin To Net: NetName=NetC10_1 Pin=OLED1-27
Added Pin To Net: NetName=NetC11_1 Pin=OLED1-28
Added Pin To Net: NetName=GND Pin=OLED1-29
Added Pin To Net: NetName=GND Pin=OLED1-30
Added Pin To Net: NetName=3V3 Pin=R7-1
Added Pin To Net: NetName=NetOLED1_15 Pin=R7-2
Added Pin To Net: NetName=NetOLED1_15 Pin=R8-1
Added Pin To Net: NetName=GND Pin=R8-2
Added Pin To Net: NetName=OLED_SDA Pin=R11-1
Added Pin To Net: NetName=3V3 Pin=R11-2
Added Pin To Net: NetName=OLED_SCL Pin=R12-1
Added Pin To Net: NetName=3V3 Pin=R12-2
Added Pin To Net: NetName=GND Pin=R13-1
Added Pin To Net: NetName=NetOLED1_26 Pin=R13-2
Added Pin To Net: NetName=GND Pin=U1-1
Added Pin To Net: NetName=3V3 Pin=U1-2
Added Pin To Net: NetName=+5 Pin=U1-3
Added Pin To Net: NetName=3V3 Pin=U1-4
Added Pin To Net: NetName=VCC Pin=U2-1
Added Pin To Net: NetName=+5V Pin=U2-2
Added Pin To Net: NetName=GND Pin=U2-3
Added Pin To Net: NetName=L+ Pin=U2-4
Added Pin To Net: NetName=L- Pin=U2-5
Added Pin To Net: NetName=R- Pin=U2-6
Added Pin To Net: NetName=R+ Pin=U2-7
Added Pin To Net: NetName=GND Pin=U2-8
Added Pin To Net: NetName=GND Pin=U2-9
Added Pin To Net: NetName=PWMB Pin=U2-10
Added Pin To Net: NetName=BIN2 Pin=U2-11
Added Pin To Net: NetName=BIN1 Pin=U2-12
Added Pin To Net: NetName=STBY Pin=U2-13
Added Pin To Net: NetName=AIN1 Pin=U2-14
Added Pin To Net: NetName=AIN2 Pin=U2-15
Added Pin To Net: NetName=PWMA Pin=U2-16
Added Member To Class: ClassName=Balance_car Member=Component OLED1 VG-2864KSWEG01
Added Member To Class: ClassName=Balance_car Member=Component R7 Res
Added Member To Class: ClassName=Balance_car Member=Component R8 Res
Added Member To Class: ClassName=Balance_car Member=Component R11 Res
Added Member To Class: ClassName=Balance_car Member=Component R12 Res
Added Member To Class: ClassName=Balance_car Member=Component R13 Res
Added Member To Class: ClassName=Power Member=Component U1 1117
Added Member To Class: ClassName=Balance_car Member=Component U2 TB6612FNG
