Added Component: Designator=U7(SSOP-24_L8.3-W5.6-P0.65-LS7.6-BL)
Added Pin To Net: NetName=R+ Pin=U7-1
Added Pin To Net: NetName=R+ Pin=U7-2
Added Pin To Net: NetName=GND Pin=U7-3
Added Pin To Net: NetName=GND Pin=U7-4
Added Pin To Net: NetName=R- Pin=U7-5
Added Pin To Net: NetName=R- Pin=U7-6
Added Pin To Net: NetName=L- Pin=U7-7
Added Pin To Net: NetName=L- Pin=U7-8
Added Pin To Net: NetName=GND Pin=U7-9
Added Pin To Net: NetName=GND Pin=U7-10
Added Pin To Net: NetName=L+ Pin=U7-11
Added Pin To Net: NetName=L+ Pin=U7-12
Added Pin To Net: NetName=VCC Pin=U7-13
Added Pin To Net: NetName=VCC Pin=U7-14
Added Pin To Net: NetName=PWMB Pin=U7-15
Added Pin To Net: NetName=BIN2 Pin=U7-16
Added Pin To Net: NetName=BIN1 Pin=U7-17
Added Pin To Net: NetName=GND Pin=U7-18
Added Pin To Net: NetName=STBY Pin=U7-19
Added Pin To Net: NetName=+5V Pin=U7-20
Added Pin To Net: NetName=AIN1 Pin=U7-21
Added Pin To Net: NetName=AIN2 Pin=U7-22
Added Pin To Net: NetName=PWMA Pin=U7-23
Added Pin To Net: NetName=VCC Pin=U7-24
Added Member To Class: ClassName=Balance_car Member=Component U7 TB6612FNG
