Removed Pin From Net: NetName=R+ Pin=U7-1
Removed Pin From Net: NetName=R+ Pin=U7-2
Removed Pin From Net: NetName=R- Pin=U7-5
Removed Pin From Net: NetName=R- Pin=U7-6
Removed Pin From Net: NetName=L- Pin=U7-7
Removed Pin From Net: NetName=L- Pin=U7-8
Removed Pin From Net: NetName=L+ Pin=U7-11
Removed Pin From Net: NetName=L+ Pin=U7-12
Change component parameters: Designator = "C20" ("C20"); Footprint = "C0603"; UniqueID = "\UZAVTCLI" ("\UZAVTCLI")
Change component parameters (AddParameter): Name = "LatestRevisionDate"; Value = "17-Jul-2002"; VariantName = "[No Variations]"
Change component parameters (AddParameter): Name = "LatestRevisionNote"; Value = "Re-released for DXP Platform."; VariantName = "[No Variations]"
Change component parameters (AddParameter): Name = "PackageDescription"; Value = "Radial Cap, Thru-Hole; 2 Leads; 0.3 in Pin Spacing"; VariantName = "[No Variations]"
Change component parameters (AddParameter): Name = "PackageReference"; Value = "RAD-0.3"; VariantName = "[No Variations]"
Change component parameters (AddParameter): Name = "Published"; Value = "8-Jun-2000"; VariantName = "[No Variations]"
Change component parameters (AddParameter): Name = "Publisher"; Value = "Altium Limited"; VariantName = "[No Variations]"
Change component parameters (AddParameter): Name = "Value"; Value = "100nF"; VariantName = "[No Variations]"
Added Pin To Net: NetName=L+ Pin=U7-1
Added Pin To Net: NetName=L+ Pin=U7-2
Added Pin To Net: NetName=L- Pin=U7-5
Added Pin To Net: NetName=L- Pin=U7-6
Added Pin To Net: NetName=R- Pin=U7-7
Added Pin To Net: NetName=R- Pin=U7-8
Added Pin To Net: NetName=R+ Pin=U7-11
Added Pin To Net: NetName=R+ Pin=U7-12
Added Room: Name=Balance_car
Added Room: Name=Power
